\BOOKMARK [0][]{chapter*.2}{List of Figures}{}% 1
\BOOKMARK [0][]{chapter*.3}{List of Tables}{}% 2
\BOOKMARK [0][]{chapter.1}{1 Introduction}{}% 3
\BOOKMARK [1][]{section.1.1}{1.1 Aims of research}{chapter.1}% 4
\BOOKMARK [1][]{section.1.2}{1.2 Overview of common methods}{chapter.1}% 5
\BOOKMARK [1][]{section.1.3}{1.3 Algorithm outline}{chapter.1}% 6
\BOOKMARK [1][]{section.1.4}{1.4 Possible applications}{chapter.1}% 7
\BOOKMARK [0][]{chapter.2}{2 Related works}{}% 8
\BOOKMARK [1][]{section.2.1}{2.1 Overview}{chapter.2}% 9
\BOOKMARK [1][]{section.2.2}{2.2 Offline classification algorithms}{chapter.2}% 10
\BOOKMARK [2][]{subsection.2.2.1}{2.2.1 Support vector machines}{section.2.2}% 11
\BOOKMARK [3][]{subsubsection.2.2.1.1}{2.2.1.1 Using kernel trick to create nonlinear classifier}{subsection.2.2.1}% 12
\BOOKMARK [3][]{subsubsection.2.2.1.2}{2.2.1.2 Common methods for offline SVM training}{subsection.2.2.1}% 13
\BOOKMARK [2][]{subsection.2.2.2}{2.2.2 Boosting}{section.2.2}% 14
\BOOKMARK [2][]{subsection.2.2.3}{2.2.3 AdaBoost}{section.2.2}% 15
\BOOKMARK [2][]{subsection.2.2.4}{2.2.4 Other boosting algorithms}{section.2.2}% 16
\BOOKMARK [1][]{section.2.3}{2.3 Online classification algorithms}{chapter.2}% 17
\BOOKMARK [2][]{subsection.2.3.1}{2.3.1 Online SVM}{section.2.3}% 18
\BOOKMARK [3][]{subsubsection.2.3.1.1}{2.3.1.1 NORMA}{subsection.2.3.1}% 19
\BOOKMARK [3][]{subsubsection.2.3.1.2}{2.3.1.2 Pegasos}{subsection.2.3.1}% 20
\BOOKMARK [2][]{subsection.2.3.2}{2.3.2 Online boosting}{section.2.3}% 21
\BOOKMARK [1][]{section.2.4}{2.4 Overview of applications}{chapter.2}% 22
\BOOKMARK [0][]{chapter.3}{3 Two-step SVM description}{}% 23
\BOOKMARK [1][]{section.3.1}{3.1 Resulting Algorithm}{chapter.3}% 24
\BOOKMARK [0][]{chapter.4}{4 Application of proposed method to object tracking on a mobile device}{}% 25
\BOOKMARK [0][]{chapter.5}{5 Evaluation of related algorithms}{}% 26
\BOOKMARK [0][]{chapter.6}{6 Conclusion}{}% 27
