This is pdfTeX, Version 3.1415926-2.3-1.40.12 (TeX Live 2011) (format=pdflatex 2011.7.3)  25 JUL 2013 17:32
entering extended mode
 restricted \write18 enabled.
 %&-line parsing enabled.
**thesis.tex
(./thesis.tex
LaTeX2e <2009/09/24>
Babel <v3.8l> and hyphenation patterns for english, dumylang, nohyphenation, ge
rman-x-2009-06-19, ngerman-x-2009-06-19, afrikaans, ancientgreek, ibycus, arabi
c, armenian, basque, bulgarian, catalan, pinyin, coptic, croatian, czech, danis
h, dutch, ukenglish, usenglishmax, esperanto, estonian, ethiopic, farsi, finnis
h, french, galician, german, ngerman, swissgerman, monogreek, greek, hungarian,
 icelandic, assamese, bengali, gujarati, hindi, kannada, malayalam, marathi, or
iya, panjabi, tamil, telugu, indonesian, interlingua, irish, italian, kurmanji,
 lao, latin, latvian, lithuanian, mongolian, mongolianlmc, bokmal, nynorsk, pol
ish, portuguese, romanian, russian, sanskrit, serbian, serbianc, slovak, sloven
ian, spanish, swedish, turkish, turkmen, ukrainian, uppersorbian, welsh, loaded
.
(./Latex/Classes/PhDthesisPSnPDF.cls
Document Class: Latex/Classes/PhDthesisPSnPDF 2007/09/06 v2 PhD thesis class
(/usr/local/texlive/2011/texmf-dist/tex/latex/base/book.cls
Document Class: book 2007/10/19 v1.4h Standard LaTeX document class
(/usr/local/texlive/2011/texmf-dist/tex/latex/base/bk11.clo
File: bk11.clo 2007/10/19 v1.4h Standard LaTeX file (size option)
)
\c@part=\count79
\c@chapter=\count80
\c@section=\count81
\c@subsection=\count82
\c@subsubsection=\count83
\c@paragraph=\count84
\c@subparagraph=\count85
\c@figure=\count86
\c@table=\count87
\abovecaptionskip=\skip41
\belowcaptionskip=\skip42
\bibindent=\dimen102
)
(/usr/local/texlive/2011/texmf-dist/tex/latex/amsfonts/amssymb.sty
Package: amssymb 2009/06/22 v3.00

(/usr/local/texlive/2011/texmf-dist/tex/latex/amsfonts/amsfonts.sty
Package: amsfonts 2009/06/22 v3.00 Basic AMSFonts support
\@emptytoks=\toks14
\symAMSa=\mathgroup4
\symAMSb=\mathgroup5
LaTeX Font Info:    Overwriting math alphabet `\mathfrak' in version `bold'
(Font)                  U/euf/m/n --> U/euf/b/n on input line 96.
))
(/usr/local/texlive/2011/texmf-dist/tex/latex/amsmath/amsmath.sty
Package: amsmath 2000/07/18 v2.13 AMS math features
\@mathmargin=\skip43

For additional information on amsmath, use the `?' option.
(/usr/local/texlive/2011/texmf-dist/tex/latex/amsmath/amstext.sty
Package: amstext 2000/06/29 v2.01

(/usr/local/texlive/2011/texmf-dist/tex/latex/amsmath/amsgen.sty
File: amsgen.sty 1999/11/30 v2.0
\@emptytoks=\toks15
\ex@=\dimen103
))
(/usr/local/texlive/2011/texmf-dist/tex/latex/amsmath/amsbsy.sty
Package: amsbsy 1999/11/29 v1.2d
\pmbraise@=\dimen104
)
(/usr/local/texlive/2011/texmf-dist/tex/latex/amsmath/amsopn.sty
Package: amsopn 1999/12/14 v2.01 operator names
)
\inf@bad=\count88
LaTeX Info: Redefining \frac on input line 211.
\uproot@=\count89
\leftroot@=\count90
LaTeX Info: Redefining \overline on input line 307.
\classnum@=\count91
\DOTSCASE@=\count92
LaTeX Info: Redefining \ldots on input line 379.
LaTeX Info: Redefining \dots on input line 382.
LaTeX Info: Redefining \cdots on input line 467.
\Mathstrutbox@=\box26
\strutbox@=\box27
\big@size=\dimen105
LaTeX Font Info:    Redeclaring font encoding OML on input line 567.
LaTeX Font Info:    Redeclaring font encoding OMS on input line 568.
\macc@depth=\count93
\c@MaxMatrixCols=\count94
\dotsspace@=\muskip10
\c@parentequation=\count95
\dspbrk@lvl=\count96
\tag@help=\toks16
\row@=\count97
\column@=\count98
\maxfields@=\count99
\andhelp@=\toks17
\eqnshift@=\dimen106
\alignsep@=\dimen107
\tagshift@=\dimen108
\tagwidth@=\dimen109
\totwidth@=\dimen110
\lineht@=\dimen111
\@envbody=\toks18
\multlinegap=\skip44
\multlinetaggap=\skip45
\mathdisplay@stack=\toks19
LaTeX Info: Redefining \[ on input line 2666.
LaTeX Info: Redefining \] on input line 2667.
)
(/usr/local/texlive/2011/texmf-dist/tex/latex/jknapltx/mathrsfs.sty
Package: mathrsfs 1996/01/01 Math RSFS package v1.0 (jk)
\symrsfs=\mathgroup6
)
(/usr/local/texlive/2011/texmf-dist/tex/latex/algorithmicx/algpseudocode.sty
Package: algpseudocode 

(/usr/local/texlive/2011/texmf-dist/tex/latex/base/ifthen.sty
Package: ifthen 2001/05/26 v1.1c Standard LaTeX ifthen package (DPC)
)
(/usr/local/texlive/2011/texmf-dist/tex/latex/algorithmicx/algorithmicx.sty
Package: algorithmicx 2005/04/27 v1.2 Algorithmicx

Document Style algorithmicx 1.2 - a greatly improved `algorithmic' style
\c@ALG@line=\count100
\c@ALG@rem=\count101
\c@ALG@nested=\count102
\ALG@tlm=\skip46
\ALG@thistlm=\skip47
\c@ALG@Lnr=\count103
\c@ALG@blocknr=\count104
\c@ALG@storecount=\count105
\c@ALG@tmpcounter=\count106
\ALG@tmplength=\skip48
)
Document Style - pseudocode environments for use with the `algorithmicx' style
) (/usr/local/texlive/2011/texmf-dist/tex/latex/float/float.sty
Package: float 2001/11/08 v1.3d Float enhancements (AL)
\c@float@type=\count107
\float@exts=\toks20
\float@box=\box28
\@float@everytoks=\toks21
\@floatcapt=\box29
)
(/usr/local/texlive/2011/texmf-dist/tex/latex/graphics/graphics.sty
Package: graphics 2009/02/05 v1.0o Standard LaTeX Graphics (DPC,SPQR)

(/usr/local/texlive/2011/texmf-dist/tex/latex/graphics/trig.sty
Package: trig 1999/03/16 v1.09 sin cos tan (DPC)
)
(/usr/local/texlive/2011/texmf-dist/tex/latex/latexconfig/graphics.cfg
File: graphics.cfg 2010/04/23 v1.9 graphics configuration of TeX Live
)
Package graphics Info: Driver file: pdftex.def on input line 91.

(/usr/local/texlive/2011/texmf-dist/tex/latex/pdftex-def/pdftex.def
File: pdftex.def 2011/05/27 v0.06d Graphics/color for pdfTeX

(/usr/local/texlive/2011/texmf-dist/tex/generic/oberdiek/infwarerr.sty
Package: infwarerr 2010/04/08 v1.3 Providing info/warning/message (HO)
)
(/usr/local/texlive/2011/texmf-dist/tex/generic/oberdiek/ltxcmds.sty
Package: ltxcmds 2011/04/18 v1.20 LaTeX kernel commands for general use (HO)
)
\Gread@gobject=\count108
))
(/usr/local/texlive/2011/texmf-dist/tex/latex/caption/caption.sty
Package: caption 2010/01/09 v3.1m Customizing captions (AR)

(/usr/local/texlive/2011/texmf-dist/tex/latex/caption/caption3.sty
Package: caption3 2010/01/14 v3.1m caption3 kernel (AR)

(/usr/local/texlive/2011/texmf-dist/tex/latex/graphics/keyval.sty
Package: keyval 1999/03/16 v1.13 key=value parser (DPC)
\KV@toks@=\toks22
)
\captionmargin=\dimen112
\captionmargin@=\dimen113
\captionwidth=\dimen114
\caption@indent=\dimen115
\caption@parindent=\dimen116
\caption@hangindent=\dimen117
)
\c@ContinuedFloat=\count109
Package caption Info: float package is loaded.
)
(/usr/local/texlive/2011/texmf-dist/tex/latex/caption/subcaption.sty
Package: subcaption 2008/08/31 v1.0b Adding subcaptions (AR)
\c@subfigure=\count110
\c@subtable=\count111
)
(/usr/local/texlive/2011/texmf-dist/tex/latex/fancyhdr/fancyhdr.sty
\fancy@headwidth=\skip49
\f@ncyO@elh=\skip50
\f@ncyO@erh=\skip51
\f@ncyO@olh=\skip52
\f@ncyO@orh=\skip53
\f@ncyO@elf=\skip54
\f@ncyO@erf=\skip55
\f@ncyO@olf=\skip56
\f@ncyO@orf=\skip57
)
(/usr/local/texlive/2011/texmf-dist/tex/latex/amsfonts/eucal.sty
Package: eucal 2009/06/22 v3.00 Euler Script fonts
LaTeX Font Info:    Overwriting math alphabet `\EuScript' in version `bold'
(Font)                  U/eus/m/n --> U/eus/b/n on input line 33.
)
(/usr/local/texlive/2011/texmf-dist/tex/generic/babel/babel.sty
Package: babel 2008/07/06 v3.8l The Babel package

(/usr/local/texlive/2011/texmf-dist/tex/generic/babel/english.ldf
Language: english 2005/03/30 v3.3o English support from the babel system

(/usr/local/texlive/2011/texmf-dist/tex/generic/babel/babel.def
File: babel.def 2008/07/06 v3.8l Babel common definitions
\babel@savecnt=\count112
\U@D=\dimen118
)
\l@canadian = a dialect from \language\l@american 
\l@australian = a dialect from \language\l@british 
\l@newzealand = a dialect from \language\l@british 
))
(/usr/local/texlive/2011/texmf-dist/tex/latex/graphics/color.sty
Package: color 2005/11/14 v1.0j Standard LaTeX Color (DPC)

(/usr/local/texlive/2011/texmf-dist/tex/latex/latexconfig/color.cfg
File: color.cfg 2007/01/18 v1.5 color configuration of teTeX/TeXLive
)
Package color Info: Driver file: pdftex.def on input line 130.

(/usr/local/texlive/2011/texmf-dist/tex/latex/graphics/dvipsnam.def
File: dvipsnam.def 1999/02/16 v3.0i Driver-dependant file (DPC,SPQR)
))
(/usr/local/texlive/2011/texmf-dist/tex/latex/footmisc/footmisc.sty
Package: footmisc 2009/09/15 v5.5a a miscellany of footnote facilities
\FN@temptoken=\toks23
\footnotemargin=\dimen119
\c@pp@next@reset=\count113
\c@@fnserial=\count114
Package footmisc Info: Declaring symbol style bringhurst on input line 855.
Package footmisc Info: Declaring symbol style chicago on input line 863.
Package footmisc Info: Declaring symbol style wiley on input line 872.
Package footmisc Info: Declaring symbol style lamport-robust on input line 883.

Package footmisc Info: Declaring symbol style lamport* on input line 903.
Package footmisc Info: Declaring symbol style lamport*-robust on input line 924
.
)
(/usr/local/texlive/2011/texmf-dist/tex/latex/natbib/natbib.sty
Package: natbib 2010/09/13 8.31b (PWD, AO)
\bibhang=\skip58
\bibsep=\skip59
LaTeX Info: Redefining \cite on input line 694.
\c@NAT@ctr=\count115
)
(/usr/local/texlive/2011/texmf-dist/tex/latex/tools/multicol.sty
Package: multicol 2008/12/05 v1.6h multicolumn formatting (FMi)
\c@tracingmulticols=\count116
\mult@box=\box30
\multicol@leftmargin=\dimen120
\c@unbalance=\count117
\c@collectmore=\count118
\doublecol@number=\count119
\multicoltolerance=\count120
\multicolpretolerance=\count121
\full@width=\dimen121
\page@free=\dimen122
\premulticols=\dimen123
\postmulticols=\dimen124
\multicolsep=\skip60
\multicolbaselineskip=\skip61
\partial@page=\box31
\last@line=\box32
\mult@rightbox=\box33
\mult@grightbox=\box34
\mult@gfirstbox=\box35
\mult@firstbox=\box36
\@tempa=\box37
\@tempa=\box38
\@tempa=\box39
\@tempa=\box40
\@tempa=\box41
\@tempa=\box42
\@tempa=\box43
\@tempa=\box44
\@tempa=\box45
\@tempa=\box46
\@tempa=\box47
\@tempa=\box48
\@tempa=\box49
\@tempa=\box50
\@tempa=\box51
\@tempa=\box52
\@tempa=\box53
\c@columnbadness=\count122
\c@finalcolumnbadness=\count123
\last@try=\dimen125
\multicolovershoot=\dimen126
\multicolundershoot=\dimen127
\mult@nat@firstbox=\box54
\colbreak@box=\box55
)
(/usr/local/texlive/2011/texmf-dist/tex/latex/tocbibind/tocbibind.sty
Package: tocbibind 2010/10/13 v1.5k extra ToC listings
Package tocbibind Info: The document has chapter divisions on input line 50.


Package tocbibind Note: Using chapter style headings, unless overridden.

) (/usr/local/texlive/2011/texmf-dist/tex/latex/nomencl/nomencl.sty
Package: nomencl 2005/09/22 v4.2 Nomenclature package (LN)
\nomlabelwidth=\dimen128
\nom@tempdim=\dimen129
\nomitemsep=\skip62
)
\@nomenclaturefile=\write3
\openout3 = `thesis.nlo'.


Writing nomenclature file thesis.nlo
(/usr/local/texlive/2011/texmf-dist/tex/generic/oberdiek/ifpdf.sty
Package: ifpdf 2011/01/30 v2.3 Provides the ifpdf switch (HO)
Package ifpdf Info: pdfTeX in PDF mode is detected.
)
(/usr/local/texlive/2011/texmf-dist/tex/latex/hyperref/hyperref.sty
Package: hyperref 2011/04/17 v6.82g Hypertext links for LaTeX

(/usr/local/texlive/2011/texmf-dist/tex/generic/oberdiek/hobsub-hyperref.sty
Package: hobsub-hyperref 2011/04/23 v1.4 Bundle oberdiek, subset hyperref (HO)

(/usr/local/texlive/2011/texmf-dist/tex/generic/oberdiek/hobsub-generic.sty
Package: hobsub-generic 2011/04/23 v1.4 Bundle oberdiek, subset generic (HO)
Package: hobsub 2011/04/23 v1.4 Subsetting bundle oberdiek (HO)
Package hobsub Info: Skipping package `infwarerr' (already loaded).
Package hobsub Info: Skipping package `ltxcmds' (already loaded).
Package: ifluatex 2010/03/01 v1.3 Provides the ifluatex switch (HO)
Package ifluatex Info: LuaTeX not detected.
Package: ifvtex 2010/03/01 v1.5 Switches for detecting VTeX and its modes (HO)
Package ifvtex Info: VTeX not detected.
Package: intcalc 2007/09/27 v1.1 Expandable integer calculations (HO)
Package hobsub Info: Skipping package `ifpdf' (already loaded).
Package: etexcmds 2011/02/16 v1.5 Prefix for e-TeX command names (HO)
Package etexcmds Info: Could not find \expanded.
(etexcmds)             That can mean that you are not using pdfTeX 1.50 or
(etexcmds)             that some package has redefined \expanded.
(etexcmds)             In the latter case, load this package earlier.
Package: kvsetkeys 2011/04/07 v1.13 Key value parser (HO)
Package: kvdefinekeys 2011/04/07 v1.3 Defining keys (HO)
Package: pdftexcmds 2011/04/22 v0.16 Utilities of pdfTeX for LuaTeX (HO)
Package pdftexcmds Info: LuaTeX not detected.
Package pdftexcmds Info: \pdf@primitive is available.
Package pdftexcmds Info: \pdf@ifprimitive is available.
Package pdftexcmds Info: \pdfdraftmode found.
Package: pdfescape 2011/04/04 v1.12 Provides string conversions (HO)
Package: bigintcalc 2011/01/30 v1.2 Expandable big integer calculations (HO)
Package: bitset 2011/01/30 v1.1 Data type bit set (HO)
Package: uniquecounter 2011/01/30 v1.2 Provides unlimited unique counter (HO)
)
Package hobsub Info: Skipping package `hobsub' (already loaded).
Package: letltxmacro 2010/09/02 v1.4 Let assignment for LaTeX macros (HO)
Package: hopatch 2011/01/30 v1.0 Wrapper for package hooks (HO)
Package: xcolor-patch 2011/01/30 xcolor patch
Package: atveryend 2011/04/23 v1.7 Hooks at very end of document (HO)
Package atveryend Info: \enddocument detected (standard).
Package: atbegshi 2011/01/30 v1.15 At begin shipout hook (HO)
Package: refcount 2010/12/01 v3.2 Data extraction from references (HO)
Package: hycolor 2011/01/30 v1.7 Color options of hyperref/bookmark (HO)
)
(/usr/local/texlive/2011/texmf-dist/tex/generic/ifxetex/ifxetex.sty
Package: ifxetex 2010/09/12 v0.6 Provides ifxetex conditional
)
(/usr/local/texlive/2011/texmf-dist/tex/latex/oberdiek/kvoptions.sty
Package: kvoptions 2010/12/23 v3.10 Keyval support for LaTeX options (HO)
)
\@linkdim=\dimen130
\Hy@linkcounter=\count124
\Hy@pagecounter=\count125

(/usr/local/texlive/2011/texmf-dist/tex/latex/hyperref/pd1enc.def
File: pd1enc.def 2011/04/17 v6.82g Hyperref: PDFDocEncoding definition (HO)
)
\Hy@SavedSpaceFactor=\count126

(/usr/local/texlive/2011/texmf-dist/tex/latex/latexconfig/hyperref.cfg
File: hyperref.cfg 2002/06/06 v1.2 hyperref configuration of TeXLive
)
Package hyperref Info: Option `plainpages' set `false' on input line 3905.
Package hyperref Info: Option `pdfpagelabels' set `true' on input line 3905.


Package hyperref Warning: Values of option `pdfpagelayout':
(hyperref)                * `SinglePage'
(hyperref)                * `OneColumn'
(hyperref)                * `TwoColumnLeft'
(hyperref)                * `TwoColumnRight'
(hyperref)                * `TwoPageLeft' (PDF 1.5)
(hyperref)                * `TwoPageRight' (PDF 1.5)
(hyperref)                * An empty value disables the option.
(hyperref)                Unknown value `useoutlines' on input line 3905.

Package hyperref Info: Option `bookmarks' set `true' on input line 3905.
Package hyperref Info: Option `bookmarksopen' set `true' on input line 3905.
Package hyperref Info: Option `bookmarksnumbered' set `true' on input line 3905
.
Package hyperref Info: Option `breaklinks' set `true' on input line 3905.
Package hyperref Info: Option `linktocpage' set `true' on input line 3905.
Package hyperref Info: Option `colorlinks' set `false' on input line 3905.
Package hyperref Info: Option `hyperindex' set `true' on input line 3905.
Package hyperref Info: Option `hyperfigures' set `true' on input line 3905.
Package hyperref Info: Hyper figures ON on input line 4024.
Package hyperref Info: Link nesting OFF on input line 4031.
Package hyperref Info: Hyper index ON on input line 4034.
Package hyperref Info: Plain pages OFF on input line 4041.
Package hyperref Info: Backreferencing ON on input line 4044.
Package hyperref Info: Implicit mode ON; LaTeX internals redefined.
Package hyperref Info: Bookmarks ON on input line 4264.
(/usr/local/texlive/2011/texmf-dist/tex/latex/hyperref/backref.sty
Package: backref 2010/08/30 v1.36 Bibliographical back referencing

(/usr/local/texlive/2011/texmf-dist/tex/latex/oberdiek/rerunfilecheck.sty
Package: rerunfilecheck 2011/04/15 v1.7 Rerun checks for auxiliary files (HO)
Package uniquecounter Info: New unique counter `rerunfilecheck' on input line 2
82.
))
\c@Hy@tempcnt=\count127

(/usr/local/texlive/2011/texmf-dist/tex/latex/url/url.sty
\Urlmuskip=\muskip11
Package: url 2006/04/12  ver 3.3  Verb mode for urls, etc.
)
LaTeX Info: Redefining \url on input line 4617.
\Fld@menulength=\count128
\Field@Width=\dimen131
\Fld@charsize=\dimen132
Package hyperref Info: Hyper figures ON on input line 5699.
Package hyperref Info: Link nesting OFF on input line 5706.
Package hyperref Info: Hyper index ON on input line 5709.
Package hyperref Info: backreferencing ON on input line 5714.
Package hyperref Info: Link coloring OFF on input line 5721.
Package hyperref Info: Link coloring with OCG OFF on input line 5726.
Package hyperref Info: PDF/A mode OFF on input line 5731.
LaTeX Info: Redefining \ref on input line 5771.
LaTeX Info: Redefining \pageref on input line 5775.
\Hy@abspage=\count129
\c@Item=\count130
\c@Hfootnote=\count131
)

Package hyperref Message: Driver: hpdftex.

(/usr/local/texlive/2011/texmf-dist/tex/latex/hyperref/hpdftex.def
File: hpdftex.def 2011/04/17 v6.82g Hyperref driver for pdfTeX
\Fld@listcount=\count132
\c@bookmark@seq@number=\count133
\Hy@SectionHShift=\skip63
)
(/usr/local/texlive/2011/texmf-dist/tex/latex/graphics/graphicx.sty
Package: graphicx 1999/02/16 v1.0f Enhanced LaTeX Graphics (DPC,SPQR)
\Gin@req@height=\dimen133
\Gin@req@width=\dimen134
))
\@input{Latex/Macros/MacroFile1.aux}
\openout2 = `Latex/Macros/MacroFile1.aux'.

(./Latex/Macros/MacroFile1.tex)
(/usr/local/texlive/2011/texmf-dist/tex/latex/setspace/setspace.sty
Package: setspace 2000/12/01 6.7 Contributed and Supported LaTeX2e package

Package: `setspace' 6.7 <2000/12/01>
)
\@glossaryfile=\write4
\openout4 = `thesis.glo'.


Writing glossary file thesis.glo 
(./thesis.aux (./0_frontmatter/abstract.aux)
(./0_frontmatter/acknowledgement.aux) (./0_frontmatter/glossary.aux)
(./1_introduction/introduction.aux) (./2/related.aux) (./3/ourMethod.aux)
(./4/tracking.aux) (./5/evaluation.aux) (./6/Conclusion.aux))
\openout1 = `thesis.aux'.

LaTeX Font Info:    Checking defaults for OML/cmm/m/it on input line 85.
LaTeX Font Info:    ... okay on input line 85.
LaTeX Font Info:    Checking defaults for T1/cmr/m/n on input line 85.
LaTeX Font Info:    ... okay on input line 85.
LaTeX Font Info:    Checking defaults for OT1/cmr/m/n on input line 85.
LaTeX Font Info:    ... okay on input line 85.
LaTeX Font Info:    Checking defaults for OMS/cmsy/m/n on input line 85.
LaTeX Font Info:    ... okay on input line 85.
LaTeX Font Info:    Checking defaults for OMX/cmex/m/n on input line 85.
LaTeX Font Info:    ... okay on input line 85.
LaTeX Font Info:    Checking defaults for U/cmr/m/n on input line 85.
LaTeX Font Info:    ... okay on input line 85.
LaTeX Font Info:    Checking defaults for PD1/pdf/m/n on input line 85.
LaTeX Font Info:    ... okay on input line 85.

(/usr/local/texlive/2011/texmf-dist/tex/context/base/supp-pdf.mkii
[Loading MPS to PDF converter (version 2006.09.02).]
\scratchcounter=\count134
\scratchdimen=\dimen135
\scratchbox=\box56
\nofMPsegments=\count135
\nofMParguments=\count136
\everyMPshowfont=\toks24
\MPscratchCnt=\count137
\MPscratchDim=\dimen136
\MPnumerator=\count138
\makeMPintoPDFobject=\count139
\everyMPtoPDFconversion=\toks25
) (/usr/local/texlive/2011/texmf-dist/tex/latex/oberdiek/epstopdf-base.sty
Package: epstopdf-base 2010/02/09 v2.5 Base part for package epstopdf

(/usr/local/texlive/2011/texmf-dist/tex/latex/oberdiek/grfext.sty
Package: grfext 2010/08/19 v1.1 Managing graphics extensions (HO)
)
Package grfext Info: Graphics extension search list:
(grfext)             [.png,.jpg,.jpeg,.pdf,.gif,.eps]
(grfext)             \AppendGraphicsExtensions on input line 452.

(/usr/local/texlive/2011/texmf-dist/tex/latex/latexconfig/epstopdf-sys.cfg
File: epstopdf-sys.cfg 2010/07/13 v1.3 Configuration of (r)epstopdf for TeX Liv
e
))
Package caption Info: Begin \AtBeginDocument code.
Package caption Info: hyperref package is loaded.
Package caption Info: End \AtBeginDocument code.
\AtBeginShipoutBox=\box57
Package backref Info: ** backref set up for natbib ** on input line 85.
Package hyperref Info: Link coloring OFF on input line 85.

(/usr/local/texlive/2011/texmf-dist/tex/latex/hyperref/nameref.sty
Package: nameref 2010/04/30 v2.40 Cross-referencing by name of section

(/usr/local/texlive/2011/texmf-dist/tex/generic/oberdiek/gettitlestring.sty
Package: gettitlestring 2010/12/03 v1.4 Cleanup title references (HO)
)
\c@section@level=\count140
)
LaTeX Info: Redefining \ref on input line 85.
LaTeX Info: Redefining \pageref on input line 85.
LaTeX Info: Redefining \nameref on input line 85.

(./thesis.out) (./thesis.out)
\@outlinefile=\write5
\openout5 = `thesis.out'.


<0_frontmatter/figures/symbol.jpg, id=265, 315.1775pt x 312.16624pt>
File: 0_frontmatter/figures/symbol.jpg Graphic file (type jpg)

<use 0_frontmatter/figures/symbol.jpg>
Package pdftex.def Info: 0_frontmatter/figures/symbol.jpg used on input line 96
.
(pdftex.def)             Requested size: 85.35826pt x 84.54323pt.
LaTeX Font Info:    Try loading font information for U+msa on input line 96.

(/usr/local/texlive/2011/texmf-dist/tex/latex/amsfonts/umsa.fd
File: umsa.fd 2009/06/22 v3.00 AMS symbols A
)
LaTeX Font Info:    Try loading font information for U+msb on input line 96.

(/usr/local/texlive/2011/texmf-dist/tex/latex/amsfonts/umsb.fd
File: umsb.fd 2009/06/22 v3.00 AMS symbols B
)
LaTeX Font Info:    Try loading font information for U+rsfs on input line 96.

(/usr/local/texlive/2011/texmf-dist/tex/latex/jknapltx/ursfs.fd
File: ursfs.fd 1998/03/24 rsfs font definition file (jk)
) [1



\FN@pp@footnotehinttrue 

{/usr/local/texlive/2011/texmf-var/fonts/map/pdftex/updmap/pdftex.map} <./0_fro
ntmatter/figures/symbol.jpg>] [2]
\openout2 = `0_frontmatter/abstract.aux'.

 (./0_frontmatter/abstract.tex [3

]) [4
\FN@pp@footnotehinttrue 


]
\openout2 = `0_frontmatter/acknowledgement.aux'.

 (./0_frontmatter/acknowledgement.tex
Missing character: There is no â in font cmr10!
Missing character: There is no € in font cmr10!
Missing character: There is no ™ in font cmr10!
pdfTeX warning (ext4): destination with the same identifier (name{page.i}) has 
been already used, duplicate ignored
<to be read again> 
                   \relax 
l.15 \end{acknowledgements}
                            [1

])pdfTeX warning (ext4): destination with the same identifier (name{page.ii}) h
as been already used, duplicate ignored
<to be read again> 
                   \relax 
l.141 \tableofcontents
                                  % print the table of contents [2
\FN@pp@footnotehinttrue 


] (./thesis.tocpdfTeX warning (ext4): destination with the same identifier (nam
e{page.iii}) has been already used, duplicate ignored
<to be read again> 
                   \relax 
l.25 ...roposed two-step algorithm}{17}{chapter.3}
                                                   [3]pdfTeX warning (ext4): de
stination with the same identifier (name{page.iv}) has been already used, dupli
cate ignored
<to be read again> 
                   \relax 
l.56 ...Offline experiments}{45}{subsection.4.8.3}
                                                   [4])
\tf@toc=\write6
\openout6 = `thesis.toc'.

 [5] [6

] (./thesis.lof
[7])
\tf@lof=\write7
\openout7 = `thesis.lof'.

 [8] (./thesis.lot)
\tf@lot=\write8
\openout8 = `thesis.lot'.

 [9

]
\openout2 = `0_frontmatter/glossary.aux'.

 (./0_frontmatter/glossary.tex) (./thesis.nls
[10


\FN@pp@footnotehinttrue 


]
Underfull \hbox (badness 10000) detected at line 5
[]\OT1/cmr/bx/n/9 GPGPU[]
 []


Underfull \hbox (badness 10000) in paragraph at lines 5--7
[]\OT1/cmr/m/n/9 General-purpose com-put-ing on
 []


Underfull \hbox (badness 10000) detected at line 7
[]\OT1/cmr/bx/n/9 GPU[]
 []


Underfull \hbox (badness 10000) detected at line 11
[]\OT1/cmr/bx/n/9 RBF[]
 []


Underfull \hbox (badness 10000) detected at line 13
[]\OT1/cmr/bx/n/9 RKHS[]
 []


Underfull \hbox (badness 10000) detected at line 15
[]\OT1/cmr/bx/n/9 ROI[]
 []


Underfull \hbox (badness 10000) detected at line 17
[]\OT1/cmr/bx/n/9 SGD[]
 []


Underfull \hbox (badness 10000) detected at line 19
[]\OT1/cmr/bx/n/9 SMO[]
 []


Underfull \hbox (badness 6708) in paragraph at lines 19--21
\OT1/cmr/m/n/9 de-com-po-si-tion method for SVM
 []


Underfull \hbox (badness 10000) detected at line 21
[]\OT1/cmr/bx/n/9 SVM[]
 []

Missing character: There is no â in font cmr9!
Missing character: There is no € in font cmr9!
Missing character: There is no “ in font cmr9!

Underfull \hbox (badness 10000) in paragraph at lines 23--25
[]\OT1/cmr/m/n/9 VapnikChervonenkis di-men-
 []

) [11] [12

]
\openout2 = `1_introduction/introduction.aux'.

 (./1_introduction/introduction.tex
 1.
[1


] [2] [3]) [4]
\openout2 = `2/related.aux'.

 (./2/related.tex
 2.
[5



] <2/figures/margin_sep_lr.jpg, id=532, 60.225pt x 51.19125pt>
File: 2/figures/margin_sep_lr.jpg Graphic file (type jpg)

<use 2/figures/margin_sep_lr.jpg>
Package pdftex.def Info: 2/figures/margin_sep_lr.jpg used on input line 23.
(pdftex.def)             Requested size: 206.28247pt x 175.35706pt.
 [6 <./2/figures/margin_sep_lr.jpg>] [7]
[8] [9] [10]
LaTeX Font Info:    Try loading font information for U+euf on input line 128.
 (/usr/local/texlive/2011/texmf-dist/tex/latex/amsfonts/ueuf.fd
File: ueuf.fd 2009/06/22 v3.00 Euler Fraktur
)
[11] [12] [13] [14]
LaTeX Font Info:    Try loading font information for OMS+cmr on input line 213.


(/usr/local/texlive/2011/texmf-dist/tex/latex/base/omscmr.fd
File: omscmr.fd 1999/05/25 v2.5h Standard LaTeX font definitions
)
LaTeX Font Info:    Font shape `OMS/cmr/m/n' in size <10.95> not available
(Font)              Font shape `OMS/cmsy/m/n' tried instead on input line 213.
) [15]
\openout2 = `3/ourMethod.aux'.


(./3/ourMethod.tex [16



]
 3.
<3/figures/NORMAOursGrowth.jpg, id=652, 423.5022pt x 312.2064pt>
File: 3/figures/NORMAOursGrowth.jpg Graphic file (type jpg)

<use 3/figures/NORMAOursGrowth.jpg>
Package pdftex.def Info: 3/figures/NORMAOursGrowth.jpg used on input line 18.
(pdftex.def)             Requested size: 330.05322pt x 243.31517pt.

<3/figures/Target.jpg, id=653, 449.5194pt x 403.62794pt>
File: 3/figures/Target.jpg Graphic file (type jpg)

<use 3/figures/Target.jpg>
Package pdftex.def Info: 3/figures/Target.jpg used on input line 25.
(pdftex.def)             Requested size: 167.08653pt x 150.02362pt.

<3/figures/resultApp.jpg, id=654, 449.5194pt x 403.62794pt>
File: 3/figures/resultApp.jpg Graphic file (type jpg)

<use 3/figures/resultApp.jpg>
Package pdftex.def Info: 3/figures/resultApp.jpg used on input line 31.
(pdftex.def)             Requested size: 167.08653pt x 150.02362pt.
 [17] [18 <./3/figures/NORMAOursGrowth.jpg>]
[19 <./3/figures/Target.jpg> <./3/figures/resultApp.jpg>]
<3/figures/linearsample2.jpg, id=683, 579.16376pt x 431.6125pt>
File: 3/figures/linearsample2.jpg Graphic file (type jpg)

<use 3/figures/linearsample2.jpg>
Package pdftex.def Info: 3/figures/linearsample2.jpg used on input line 67.
(pdftex.def)             Requested size: 247.54149pt x 184.47673pt.
 [20]
<3/figures/OurmethodTrain.jpg, id=692, 815.045pt x 568.1225pt>
File: 3/figures/OurmethodTrain.jpg Graphic file (type jpg)

<use 3/figures/OurmethodTrain.jpg>
Package pdftex.def Info: 3/figures/OurmethodTrain.jpg used on input line 76.
(pdftex.def)             Requested size: 330.05322pt x 230.06233pt.
\@float@every@figure=\toks26
 [21 <./3/figures/linearsample2.jpg>]
[22 <./3/figures/OurmethodTrain.jpg>]
<3/figures/c1.jpg, id=711, 562.1pt x 421.575pt>
File: 3/figures/c1.jpg Graphic file (type jpg)
 <use 3/figures/c1.jpg>
Package pdftex.def Info: 3/figures/c1.jpg used on input line 128.
(pdftex.def)             Requested size: 167.08653pt x 125.31558pt.

<3/figures/c2.jpg, id=712, 562.1pt x 421.575pt>
File: 3/figures/c2.jpg Graphic file (type jpg)
 <use 3/figures/c2.jpg>
Package pdftex.def Info: 3/figures/c2.jpg used on input line 134.
(pdftex.def)             Requested size: 167.08653pt x 125.31558pt.

<3/figures/l1.jpg, id=713, 562.1pt x 421.575pt>
File: 3/figures/l1.jpg Graphic file (type jpg)
 <use 3/figures/l1.jpg>
Package pdftex.def Info: 3/figures/l1.jpg used on input line 141.
(pdftex.def)             Requested size: 167.08653pt x 125.31558pt.

<3/figures/l2.jpg, id=714, 562.1pt x 421.575pt>
File: 3/figures/l2.jpg Graphic file (type jpg)
 <use 3/figures/l2.jpg>
Package pdftex.def Info: 3/figures/l2.jpg used on input line 147.
(pdftex.def)             Requested size: 167.08653pt x 125.31558pt.

<3/figures/losses.jpg, id=715, 356.65245pt x 236.68425pt>
File: 3/figures/losses.jpg Graphic file (type jpg)

<use 3/figures/losses.jpg>
Package pdftex.def Info: 3/figures/losses.jpg used on input line 158.
(pdftex.def)             Requested size: 288.7942pt x 191.66263pt.
 [23] [24 <./3/figures/c1.jpg> <./3/figures/c2.jpg> <./3/figures/l1.jpg> <./3/f
igures/l2.jpg>] [25 <./3/figures/losses.jpg>])
[26]
\openout2 = `4/tracking.aux'.

 (./4/tracking.tex
 4.
<4/figures/iphone4s.jpg, id=741, 602.25pt x 499.8675pt>
File: 4/figures/iphone4s.jpg Graphic file (type jpg)

<use 4/figures/iphone4s.jpg>
Package pdftex.def Info: 4/figures/iphone4s.jpg used on input line 18.
(pdftex.def)             Requested size: 288.7942pt x 239.70485pt.
 [27



] [28 <./4/figures/iphone4s.jpg>] [29]
<4/figures/glespipe.jpg, id=756, 934.49126pt x 503.8825pt>
File: 4/figures/glespipe.jpg Graphic file (type jpg)

<use 4/figures/glespipe.jpg>
Package pdftex.def Info: 4/figures/glespipe.jpg used on input line 47.
(pdftex.def)             Requested size: 288.7942pt x 155.71758pt.
 [30 <./4/figures/glespipe.jpg>]
<4/figures/GPUScheme.jpg, id=762, 539.01375pt x 355.3275pt>
File: 4/figures/GPUScheme.jpg Graphic file (type jpg)

<use 4/figures/GPUScheme.jpg>
Package pdftex.def Info: 4/figures/GPUScheme.jpg used on input line 59.
(pdftex.def)             Requested size: 288.7942pt x 190.37755pt.
 [31 <./4/figures/GPUScheme.jpg>] [32]
<4/figures/pyrapega.jpg, id=773, 617.30624pt x 508.90125pt>
File: 4/figures/pyrapega.jpg Graphic file (type jpg)

<use 4/figures/pyrapega.jpg>
Package pdftex.def Info: 4/figures/pyrapega.jpg used on input line 117.
(pdftex.def)             Requested size: 288.7942pt x 238.08096pt.
 [33] [34 <./4/figures/pyrapega.jpg>] [35] [36]
[37] <4/figures/tracking.jpg, id=813, 549.05125pt x 756.8275pt>
File: 4/figures/tracking.jpg Graphic file (type jpg)

<use 4/figures/tracking.jpg>
Package pdftex.def Info: 4/figures/tracking.jpg used on input line 166.
(pdftex.def)             Requested size: 371.30594pt x 511.82967pt.
 [38]
<4/figures/conf1.jpg, id=827, 481.8pt x 481.8pt>
File: 4/figures/conf1.jpg Graphic file (type jpg)
 <use 4/figures/conf1.jpg>
Package pdftex.def Info: 4/figures/conf1.jpg used on input line 190.
(pdftex.def)             Requested size: 167.08653pt x 167.08131pt.

<4/figures/conf2.jpg, id=828, 481.8pt x 481.8pt>
File: 4/figures/conf2.jpg Graphic file (type jpg)
 <use 4/figures/conf2.jpg>
Package pdftex.def Info: 4/figures/conf2.jpg used on input line 196.
(pdftex.def)             Requested size: 167.08653pt x 167.08131pt.

<4/figures/track1.jpg, id=829, 481.8pt x 481.8pt>
File: 4/figures/track1.jpg Graphic file (type jpg)
 <use 4/figures/track1.jpg>
Package pdftex.def Info: 4/figures/track1.jpg used on input line 203.
(pdftex.def)             Requested size: 167.08653pt x 167.08131pt.

<4/figures/track2.jpg, id=830, 481.8pt x 481.8pt>
File: 4/figures/track2.jpg Graphic file (type jpg)
 <use 4/figures/track2.jpg>
Package pdftex.def Info: 4/figures/track2.jpg used on input line 209.
(pdftex.def)             Requested size: 167.08653pt x 167.08131pt.

<4/figures/tls1.jpg, id=831, 481.8pt x 481.8pt>
File: 4/figures/tls1.jpg Graphic file (type jpg)
 <use 4/figures/tls1.jpg>
Package pdftex.def Info: 4/figures/tls1.jpg used on input line 215.
(pdftex.def)             Requested size: 167.08653pt x 167.08131pt.

<4/figures/tls2.jpg, id=832, 481.8pt x 481.8pt>
File: 4/figures/tls2.jpg Graphic file (type jpg)
 <use 4/figures/tls2.jpg>
Package pdftex.def Info: 4/figures/tls2.jpg used on input line 221.
(pdftex.def)             Requested size: 167.08653pt x 167.08131pt.

[39] [40] [41]
Overfull \hbox (89.99309pt too wide) in paragraph at lines 287--291
\OT1/cmr/m/n/10.95 joint prob-a-bil-ity over se-lected fea-tures, and -1 for al
l oth-ers: $\OML/cmm/m/it/10.95 l\OT1/cmr/m/n/10.95 (\OML/cmm/m/it/10.95 F[]; c
[]\OT1/cmr/m/n/10.95 ) = []$ 
 []

Missing character: There is no â in font cmr10!
Missing character: There is no € in font cmr10!
Missing character: There is no ™ in font cmr10!
[42] [43] [44] <images/tb2.jpg, id=899, 642.4pt x 481.8pt>
File: images/tb2.jpg Graphic file (type jpg)

<use images/tb2.jpg>
Package pdftex.def Info: images/tb2.jpg used on input line 338.
(pdftex.def)             Requested size: 96.35583pt x 72.26999pt.
 <images/t2.jpg, id=900, 142.5325pt x 154.5775pt>
File: images/t2.jpg Graphic file (type jpg)

<use images/t2.jpg>
Package pdftex.def Info: images/t2.jpg used on input line 346.
(pdftex.def)             Requested size: 66.64012pt x 72.26999pt.
 <images/test1.jpg, id=901, 481.8pt x 642.4pt>
File: images/test1.jpg Graphic file (type jpg)

<use images/test1.jpg>
Package pdftex.def Info: images/test1.jpg used on input line 353.
(pdftex.def)             Requested size: 54.19647pt x 72.26999pt.
 <images/train1.jpg, id=902, 481.8pt x 642.4pt>
File: images/train1.jpg Graphic file (type jpg)

<use images/train1.jpg>
Package pdftex.def Info: images/train1.jpg used on input line 364.
(pdftex.def)             Requested size: 81.30208pt x 108.405pt.
 <images/ttext1.png, id=903, 215.80624pt x 220.825pt>
File: images/ttext1.png Graphic file (type png)

<use images/ttext1.png>
Package pdftex.def Info: images/ttext1.png used on input line 371.
(pdftex.def)             Requested size: 105.94026pt x 108.405pt.

Overfull \hbox (2.79903pt too wide) in paragraph at lines 371--372
[][] 
 []

<images/test2.jpg, id=904, 481.8pt x 642.4pt>
File: images/test2.jpg Graphic file (type jpg)
 <use images/test2.jpg>
Package pdftex.def Info: images/test2.jpg used on input line 378.
(pdftex.def)             Requested size: 81.30208pt x 108.405pt.

Overfull \hbox (14.57378pt too wide) in paragraph at lines 333--386
 [][] 
 []


Overfull \hbox (30.12822pt too wide) in paragraph at lines 391--411
[][] 
 []

[45] <images/fernlen.png, id=931, 120.45pt x 90.3375pt>
File: images/fernlen.png Graphic file (type png)

<use images/fernlen.png>
Package pdftex.def Info: images/fernlen.png used on input line 423.
(pdftex.def)             Requested size: 192.73862pt x 144.54pt.

Overfull \hbox (7.08565pt too wide) in paragraph at lines 423--425
[][]
 []

<images/fernnum.png, id=933, 120.45pt x 90.3375pt>
File: images/fernnum.png Graphic file (type png)
 <use images/fernnum.png>
Package pdftex.def Info: images/fernnum.png used on input line 428.
(pdftex.def)             Requested size: 192.73862pt x 144.54pt.

Overfull \hbox (7.08565pt too wide) in paragraph at lines 428--430
[][]
 []

<images/Shader1c.png, id=940, 120.45pt x 96.23955pt>
File: images/Shader1c.png Graphic file (type png)
 <use images/Shader1c.png>
Package pdftex.def Info: images/Shader1c.png used on input line 443.
(pdftex.def)             Requested size: 153.77295pt x 122.85876pt.

Overfull \hbox (1.12593pt too wide) in paragraph at lines 443--444
[][] 
 []

<images/Shader2c.png, id=941, 120.45pt x 76.00395pt>
File: images/Shader2c.png Graphic file (type png)
 <use images/Shader2c.png>
Package pdftex.def Info: images/Shader2c.png used on input line 448.
(pdftex.def)             Requested size: 194.71437pt x 122.85876pt.

Overfull \hbox (42.06735pt too wide) in paragraph at lines 448--449
[][] 
 []

[46] <images/fernUnpacked1.png, id=951, 46.2528pt x 92.5056pt>
File: images/fernUnpacked1.png Graphic file (type png)

<use images/fernUnpacked1.png>
Package pdftex.def Info: images/fernUnpacked1.png used on input line 468.
(pdftex.def)             Requested size: 65.04636pt x 130.08621pt.

Overfull \hbox (15.53882pt too wide) in paragraph at lines 468--469
[][] 
 []

File: images/t2.jpg Graphic file (type jpg)
<use images/t2.jpg>
Package pdftex.def Info: images/t2.jpg used on input line 476.
(pdftex.def)             Requested size: 59.97632pt x 65.04256pt.

Overfull \hbox (10.46878pt too wide) in paragraph at lines 476--477
[][] 
 []

<images/backgrounds.jpg, id=952, 171.64125pt x 171.64125pt>
File: images/backgrounds.jpg Graphic file (type jpg)

<use images/backgrounds.jpg>
Package pdftex.def Info: images/backgrounds.jpg used on input line 481.
(pdftex.def)             Requested size: 65.041pt x 65.04256pt.

Overfull \hbox (15.53346pt too wide) in paragraph at lines 481--482
[][] 
 []

<images/IMG_1807.jpg, id=963, 642.4pt x 963.6pt>
File: images/IMG_1807.jpg Graphic file (type jpg)
 <use images/IMG_1807.jpg>
Package pdftex.def Info: images/IMG_1807.jpg used on input line 498.
(pdftex.def)             Requested size: 111.3929pt x 167.08867pt.

<images/IMG_1809.jpg, id=964, 642.4pt x 963.6pt>
File: images/IMG_1809.jpg Graphic file (type jpg)
 <use images/IMG_1809.jpg>
Package pdftex.def Info: images/IMG_1809.jpg used on input line 503.
(pdftex.def)             Requested size: 111.3929pt x 167.08867pt.

<images/IMG_1812.jpg, id=965, 642.4pt x 963.6pt>
File: images/IMG_1812.jpg Graphic file (type jpg)
 <use images/IMG_1812.jpg>
Package pdftex.def Info: images/IMG_1812.jpg used on input line 508.
(pdftex.def)             Requested size: 111.3929pt x 167.08867pt.

[47]) [48] [49 <./4/figures/tracking.jpg>] [50 <./4/figures/conf1.jpg> <./4/fig
ures/conf2.jpg> <./4/figures/track1.jpg> <./4/figures/track2.jpg> <./4/figures/
tls1.jpg> <./4/figures/tls2.jpg>] [51 <./images/tb2.jpg> <./images/t2.jpg> <./i
mages/test1.jpg> <./images/train1.jpg> <./images/ttext1.png> <./images/test2.jp
g> <./images/fernlen.png> <./images/fernnum.png>] [52 <./images/Shader1c.png> <
./images/Shader2c.png> <./images/fernUnpacked1.png> <./images/backgrounds.jpg>]
[53 <./images/IMG_1807.jpg> <./images/IMG_1809.jpg> <./images/IMG_1812.jpg>]
\openout2 = `5/evaluation.aux'.


(./5/evaluation.tex [54



]
 5.
[55] [56] <5/figures/PN_Lin_Lin.jpg, id=1054, 483.8075pt x 379.4175pt>
File: 5/figures/PN_Lin_Lin.jpg Graphic file (type jpg)

<use 5/figures/PN_Lin_Lin.jpg>
Package pdftex.def Info: 5/figures/PN_Lin_Lin.jpg used on input line 47.
(pdftex.def)             Requested size: 167.08653pt x 131.03233pt.

<5/figures/PN_Noise_Lin.jpg, id=1055, 483.8075pt x 379.4175pt>
File: 5/figures/PN_Noise_Lin.jpg Graphic file (type jpg)

<use 5/figures/PN_Noise_Lin.jpg>
Package pdftex.def Info: 5/figures/PN_Noise_Lin.jpg used on input line 53.
(pdftex.def)             Requested size: 167.08653pt x 131.03233pt.

<5/figures/PN_Bayess_Lin.jpg, id=1056, 483.8075pt x 379.4175pt>
File: 5/figures/PN_Bayess_Lin.jpg Graphic file (type jpg)

<use 5/figures/PN_Bayess_Lin.jpg>
Package pdftex.def Info: 5/figures/PN_Bayess_Lin.jpg used on input line 60.
(pdftex.def)             Requested size: 167.08653pt x 131.03233pt.

<5/figures/PN_Move_Lin.jpg, id=1057, 483.8075pt x 379.4175pt>
File: 5/figures/PN_Move_Lin.jpg Graphic file (type jpg)

<use 5/figures/PN_Move_Lin.jpg>
Package pdftex.def Info: 5/figures/PN_Move_Lin.jpg used on input line 66.
(pdftex.def)             Requested size: 167.08653pt x 131.03233pt.

<5/figures/PN_Switch_Lin.jpg, id=1058, 483.8075pt x 379.4175pt>
File: 5/figures/PN_Switch_Lin.jpg Graphic file (type jpg)

<use 5/figures/PN_Switch_Lin.jpg>
Package pdftex.def Info: 5/figures/PN_Switch_Lin.jpg used on input line 72.
(pdftex.def)             Requested size: 167.08653pt x 131.03233pt.

<5/figures/PN_Cov_Lin.jpg, id=1059, 483.8075pt x 379.4175pt>
File: 5/figures/PN_Cov_Lin.jpg Graphic file (type jpg)

<use 5/figures/PN_Cov_Lin.jpg>
Package pdftex.def Info: 5/figures/PN_Cov_Lin.jpg used on input line 78.
(pdftex.def)             Requested size: 167.08653pt x 131.03233pt.

<5/figures/PN_Lin_Gauss.jpg, id=1060, 483.8075pt x 379.4175pt>
File: 5/figures/PN_Lin_Gauss.jpg Graphic file (type jpg)

<use 5/figures/PN_Lin_Gauss.jpg>
Package pdftex.def Info: 5/figures/PN_Lin_Gauss.jpg used on input line 89.
(pdftex.def)             Requested size: 167.08653pt x 131.03233pt.

<5/figures/PN_Noise_Gauss.jpg, id=1061, 483.8075pt x 379.4175pt>
File: 5/figures/PN_Noise_Gauss.jpg Graphic file (type jpg)

<use 5/figures/PN_Noise_Gauss.jpg>
Package pdftex.def Info: 5/figures/PN_Noise_Gauss.jpg used on input line 95.
(pdftex.def)             Requested size: 167.08653pt x 131.03233pt.

<5/figures/PN_Bayess_Gauss.jpg, id=1062, 483.8075pt x 379.4175pt>
File: 5/figures/PN_Bayess_Gauss.jpg Graphic file (type jpg)

<use 5/figures/PN_Bayess_Gauss.jpg>
Package pdftex.def Info: 5/figures/PN_Bayess_Gauss.jpg used on input line 102.
(pdftex.def)             Requested size: 167.08653pt x 131.03233pt.

<5/figures/PN_Move_Gauss.jpg, id=1063, 483.8075pt x 379.4175pt>
File: 5/figures/PN_Move_Gauss.jpg Graphic file (type jpg)

<use 5/figures/PN_Move_Gauss.jpg>
Package pdftex.def Info: 5/figures/PN_Move_Gauss.jpg used on input line 108.
(pdftex.def)             Requested size: 167.08653pt x 131.03233pt.

<5/figures/PN_Switch_Gauss.jpg, id=1064, 483.8075pt x 379.4175pt>
File: 5/figures/PN_Switch_Gauss.jpg Graphic file (type jpg)

<use 5/figures/PN_Switch_Gauss.jpg>
Package pdftex.def Info: 5/figures/PN_Switch_Gauss.jpg used on input line 114.
(pdftex.def)             Requested size: 167.08653pt x 131.03233pt.

<5/figures/PN_Cov_Gauss.jpg, id=1065, 483.8075pt x 379.4175pt>
File: 5/figures/PN_Cov_Gauss.jpg Graphic file (type jpg)

<use 5/figures/PN_Cov_Gauss.jpg>
Package pdftex.def Info: 5/figures/PN_Cov_Gauss.jpg used on input line 120.
(pdftex.def)             Requested size: 167.08653pt x 131.03233pt.

Overfull \hbox (3.85843pt too wide) in paragraph at lines 136--136
[]\OT1/cmr/m/n/10.95 Switching| 
 []


Overfull \hbox (6.018pt too wide) in paragraph at lines 137--137
[]\OT1/cmr/m/n/10.95 Covertype| 
 []

[57] <5/figures/adas.jpg, id=1072, 449.5194pt x 338.2236pt>
File: 5/figures/adas.jpg Graphic file (type jpg)

<use 5/figures/adas.jpg>
Package pdftex.def Info: 5/figures/adas.jpg used on input line 153.
(pdftex.def)             Requested size: 167.08653pt x 125.71362pt.

<5/figures/adaab.jpg, id=1073, 449.5194pt x 338.2236pt>
File: 5/figures/adaab.jpg Graphic file (type jpg)

<use 5/figures/adaab.jpg>
Package pdftex.def Info: 5/figures/adaab.jpg used on input line 159.
(pdftex.def)             Requested size: 167.08653pt x 125.71362pt.

<5/figures/odas.jpg, id=1076, 449.5194pt x 338.2236pt>
File: 5/figures/odas.jpg Graphic file (type jpg)

<use 5/figures/odas.jpg>
Package pdftex.def Info: 5/figures/odas.jpg used on input line 172.
(pdftex.def)             Requested size: 288.7942pt x 217.29843pt.
 [58]) [59] [60 <./5/figures/PN_Lin_Lin.jpg> <./5/figures/PN_Noise_Lin.jpg> <./
5/figures/PN_Bayess_Lin.jpg> <./5/figures/PN_Move_Lin.jpg> <./5/figures/PN_Swit
ch_Lin.jpg> <./5/figures/PN_Cov_Lin.jpg>] [61 <./5/figures/PN_Lin_Gauss.jpg> <.
/5/figures/PN_Noise_Gauss.jpg> <./5/figures/PN_Bayess_Gauss.jpg> <./5/figures/P
N_Move_Gauss.jpg> <./5/figures/PN_Switch_Gauss.jpg> <./5/figures/PN_Cov_Gauss.j
pg>] [62 <./5/figures/adas.jpg> <./5/figures/adaab.jpg> <./5/figures/odas.jpg>]
\openout2 = `6/Conclusion.aux'.

 (./6/Conclusion.tex
 6.
) [63



] [64] (./thesis.bbl (./thesis.brf)
\tf@brf=\write9
\openout9 = `thesis.brf'.


Underfull \hbox (badness 5924) in paragraph at lines 83--83
\OT1/cmr/m/it/6 SVM-Light Sup-port Vec-tor Ma-chine http://svmlight.
 []

[65


]
Missing character: There is no … in font cmcsc10!
)
Package atveryend Info: Empty hook `BeforeClearDocument' on input line 249.
 [66]
Package atveryend Info: Empty hook `AfterLastShipout' on input line 249.
 (./thesis.aux (./0_frontmatter/abstract.aux)
(./0_frontmatter/acknowledgement.aux) (./0_frontmatter/glossary.aux)
(./1_introduction/introduction.aux) (./2/related.aux) (./3/ourMethod.aux)
(./4/tracking.aux) (./5/evaluation.aux) (./6/Conclusion.aux))
Package atveryend Info: Executing hook `AtVeryEndDocument' on input line 249.
Package atveryend Info: Executing hook `AtEndAfterFileList' on input line 249.
Package rerunfilecheck Info: File `thesis.out' has not changed.
(rerunfilecheck)             Checksum: 2830D4206B6A618EEECBBFB1B46609B2;5216.
Package rerunfilecheck Info: File `thesis.brf' has not changed.
(rerunfilecheck)             Checksum: 6CBEAB6EEB85084ED246CD9DC72BADFD;3268.
Package atveryend Info: Empty hook `AtVeryVeryEnd' on input line 249.
 ) 
Here is how much of TeX's memory you used:
 9981 strings out of 493633
 147070 string characters out of 3143378
 266393 words of memory out of 3000000
 12681 multiletter control sequences out of 15000+200000
 17993 words of font info for 70 fonts, out of 3000000 for 9000
 831 hyphenation exceptions out of 8191
 43i,14n,50p,1638b,715s stack positions out of 5000i,500n,10000p,200000b,50000s
</usr/local/texlive/2011/texmf-dist/fonts/type1/public/amsfonts/cm/cmbx10.pfb
></usr/local/texlive/2011/texmf-dist/fonts/type1/public/amsfonts/cm/cmbx12.pfb>
</usr/local/texlive/2011/texmf-dist/fonts/type1/public/amsfonts/cm/cmbx6.pfb></
usr/local/texlive/2011/texmf-dist/fonts/type1/public/amsfonts/cm/cmbx9.pfb></us
r/local/texlive/2011/texmf-dist/fonts/type1/public/amsfonts/cm/cmcsc10.pfb></us
r/local/texlive/2011/texmf-dist/fonts/type1/public/amsfonts/cm/cmex10.pfb></usr
/local/texlive/2011/texmf-dist/fonts/type1/public/amsfonts/cm/cmmi10.pfb></usr/
local/texlive/2011/texmf-dist/fonts/type1/public/amsfonts/cm/cmmi6.pfb></usr/lo
cal/texlive/2011/texmf-dist/fonts/type1/public/amsfonts/cm/cmmi7.pfb></usr/loca
l/texlive/2011/texmf-dist/fonts/type1/public/amsfonts/cm/cmmi8.pfb></usr/local/
texlive/2011/texmf-dist/fonts/type1/public/amsfonts/cm/cmr10.pfb></usr/local/te
xlive/2011/texmf-dist/fonts/type1/public/amsfonts/cm/cmr12.pfb></usr/local/texl
ive/2011/texmf-dist/fonts/type1/public/amsfonts/cm/cmr6.pfb></usr/local/texlive
/2011/texmf-dist/fonts/type1/public/amsfonts/cm/cmr8.pfb></usr/local/texlive/20
11/texmf-dist/fonts/type1/public/amsfonts/cm/cmr9.pfb></usr/local/texlive/2011/
texmf-dist/fonts/type1/public/amsfonts/cm/cmsy10.pfb></usr/local/texlive/2011/t
exmf-dist/fonts/type1/public/amsfonts/cm/cmsy8.pfb></usr/local/texlive/2011/tex
mf-dist/fonts/type1/public/amsfonts/cm/cmti10.pfb></usr/local/texlive/2011/texm
f-dist/fonts/type1/public/amsfonts/cm/cmti12.pfb></usr/local/texlive/2011/texmf
-dist/fonts/type1/public/amsfonts/cm/cmti7.pfb></usr/local/texlive/2011/texmf-d
ist/fonts/type1/public/amsfonts/euler/eufm10.pfb></usr/local/texlive/2011/texmf
-dist/fonts/type1/public/rsfs/rsfs10.pfb>
Output written on thesis.pdf (82 pages, 3327908 bytes).
PDF statistics:
 1335 PDF objects out of 1440 (max. 8388607)
 1138 compressed objects within 12 object streams
 286 named destinations out of 1000 (max. 500000)
 786 words of extra memory for PDF output out of 10000 (max. 10000000)

